TN:
SF:src\modules\appointments\services\createAppointmentServices.ts
FN:16,CreateAppointmentService
FN:21,execute
FNF:2
FNH:2
FNDA:2,CreateAppointmentService
FNDA:3,execute
DA:1,1
DA:2,1
DA:3,1
DA:4,1
DA:5,1
DA:6,1
DA:7,1
DA:8,1
DA:9,1
DA:10,1
DA:11,1
DA:12,1
DA:13,1
DA:14,1
DA:15,1
DA:16,1
DA:17,2
DA:18,2
DA:19,2
DA:20,1
DA:21,1
DA:22,3
DA:23,3
DA:24,3
DA:25,3
DA:26,3
DA:27,3
DA:28,3
DA:29,1
DA:30,1
DA:31,2
DA:32,2
DA:33,2
DA:34,2
DA:35,2
DA:36,2
DA:37,2
DA:38,2
DA:39,1
DA:40,1
DA:41,1
LF:41
LH:41
BRDA:16,0,0,2
BRDA:21,1,0,3
BRDA:28,2,0,1
BRDA:31,3,0,2
BRF:4
BRH:4
end_of_record
TN:
SF:src\modules\users\services\AuthenticateUserService.ts
FN:25,AuthenticateUserService
FN:33,execute
FNF:2
FNH:2
FNDA:3,AuthenticateUserService
FNDA:3,execute
DA:1,1
DA:2,1
DA:3,1
DA:4,1
DA:5,1
DA:6,1
DA:7,1
DA:8,1
DA:9,1
DA:10,1
DA:11,1
DA:12,1
DA:13,1
DA:14,1
DA:15,1
DA:16,1
DA:17,1
DA:18,1
DA:19,1
DA:20,1
DA:21,1
DA:22,1
DA:23,1
DA:24,1
DA:25,1
DA:26,3
DA:27,3
DA:28,3
DA:29,3
DA:30,3
DA:31,3
DA:32,1
DA:33,1
DA:34,3
DA:35,3
DA:36,3
DA:37,1
DA:38,1
DA:39,2
DA:40,2
DA:41,2
DA:42,2
DA:43,2
DA:44,2
DA:45,3
DA:46,1
DA:47,1
DA:48,1
DA:49,1
DA:50,1
DA:51,1
DA:52,1
DA:53,1
DA:54,1
DA:55,1
DA:56,1
DA:57,1
DA:58,1
DA:59,1
DA:60,1
DA:61,1
DA:62,1
DA:63,1
LF:63
LH:63
BRDA:25,0,0,3
BRDA:33,1,0,3
BRDA:36,2,0,1
BRDA:39,3,0,2
BRDA:45,4,0,1
BRF:5
BRH:5
end_of_record
TN:
SF:src\modules\users\services\UpdateUserAvatarService.ts
FN:19,UpdateUserAvatarService
FN:27,execute
FNF:2
FNH:2
FNDA:2,UpdateUserAvatarService
FNDA:2,execute
DA:1,1
DA:2,1
DA:3,1
DA:4,1
DA:5,1
DA:6,1
DA:7,1
DA:8,1
DA:9,1
DA:10,1
DA:11,1
DA:12,1
DA:13,1
DA:14,1
DA:15,1
DA:16,1
DA:17,1
DA:18,1
DA:19,1
DA:20,2
DA:21,2
DA:22,2
DA:23,2
DA:24,2
DA:25,2
DA:26,1
DA:27,1
DA:28,2
DA:29,2
DA:30,2
DA:31,1
DA:32,1
DA:33,1
DA:34,2
DA:35,0
DA:36,0
DA:37,1
DA:38,1
DA:39,1
DA:40,1
DA:41,1
DA:42,1
DA:43,1
DA:44,1
DA:45,1
DA:46,1
DA:47,1
DA:48,1
LF:48
LH:46
BRDA:19,0,0,2
BRDA:27,1,0,2
BRDA:30,2,0,1
BRDA:34,3,0,0
BRDA:37,4,0,1
BRF:5
BRH:4
end_of_record
TN:
SF:src\modules\users\services\createUsersService.ts
FN:17,CreateUserService
FN:25,execute
FNF:2
FNH:2
FNDA:4,CreateUserService
FNDA:5,execute
DA:1,1
DA:2,1
DA:3,1
DA:4,1
DA:5,1
DA:6,1
DA:7,1
DA:8,1
DA:9,1
DA:10,1
DA:11,1
DA:12,1
DA:13,1
DA:14,1
DA:15,1
DA:16,1
DA:17,1
DA:18,4
DA:19,4
DA:20,4
DA:21,4
DA:22,4
DA:23,4
DA:24,1
DA:25,1
DA:26,5
DA:27,5
DA:28,5
DA:29,1
DA:30,1
DA:31,4
DA:32,4
DA:33,4
DA:34,4
DA:35,4
DA:36,4
DA:37,4
DA:38,4
DA:39,4
DA:40,4
DA:41,4
DA:42,1
DA:43,1
DA:44,1
LF:44
LH:44
BRDA:17,0,0,4
BRDA:25,1,0,5
BRDA:28,2,0,1
BRDA:31,3,0,4
BRF:4
BRH:4
end_of_record
